<?xml version="1.0" encoding="UTF-8"?>
<testng-results ignored="0" total="2" passed="2" failed="0" skipped="0">
  <reporter-output>
  </reporter-output>
  <suite started-at="2024-06-04T09:02:14 IST" name="Suite" finished-at="2024-06-04T09:02:36 IST" duration-ms="22342">
    <groups>
    </groups>
    <test started-at="2024-06-04T09:02:14 IST" name="Test" finished-at="2024-06-04T09:02:36 IST" duration-ms="22342">
      <class name="TestCase.TestCases">
        <test-method is-config="true" signature="setUp()[pri:0, instance:TestCase.TestCases@4cc451f2]" started-at="2024-06-04T09:02:14 IST" name="setUp" finished-at="2024-06-04T09:02:17 IST" duration-ms="2850" status="PASS">
          <reporter-output>
          </reporter-output>
        </test-method> <!-- setUp -->
        <test-method signature="scenario1()[pri:0, instance:TestCase.TestCases@4cc451f2]" started-at="2024-06-04T09:02:17 IST" name="scenario1" finished-at="2024-06-04T09:02:27 IST" duration-ms="10232" status="PASS">
          <reporter-output>
          </reporter-output>
        </test-method> <!-- scenario1 -->
        <test-method is-config="true" signature="terminate()[pri:0, instance:TestCase.TestCases@4cc451f2]" started-at="2024-06-04T09:02:27 IST" name="terminate" finished-at="2024-06-04T09:02:28 IST" duration-ms="1107" status="PASS">
          <reporter-output>
          </reporter-output>
        </test-method> <!-- terminate -->
        <test-method is-config="true" signature="setUp()[pri:0, instance:TestCase.TestCases@4cc451f2]" started-at="2024-06-04T09:02:28 IST" name="setUp" finished-at="2024-06-04T09:02:31 IST" duration-ms="2527" status="PASS">
          <reporter-output>
          </reporter-output>
        </test-method> <!-- setUp -->
        <test-method signature="scenario2()[pri:0, instance:TestCase.TestCases@4cc451f2]" started-at="2024-06-04T09:02:31 IST" name="scenario2" finished-at="2024-06-04T09:02:36 IST" duration-ms="5475" status="PASS">
          <reporter-output>
          </reporter-output>
        </test-method> <!-- scenario2 -->
        <test-method is-config="true" signature="terminate()[pri:0, instance:TestCase.TestCases@4cc451f2]" started-at="2024-06-04T09:02:36 IST" name="terminate" finished-at="2024-06-04T09:02:36 IST" duration-ms="131" status="PASS">
          <reporter-output>
          </reporter-output>
        </test-method> <!-- terminate -->
      </class> <!-- TestCase.TestCases -->
    </test> <!-- Test -->
  </suite> <!-- Suite -->
</testng-results>
